<?xml version="1.0" encoding="UTF-8" ?>
<testsuite failures="2" time="0.508" errors="0" skipped="0" tests="3" name="TestSuite">
  <properties>
[...]
</properties>
  <testcase time="0.402" classname="gapp.model.dao.ApplicationDaoTest" name="(gapp.model.dao.ApplicationDaoTest)">
    <failure message="No entity found for query; nested exception is javax.persistence.NoResultException: No entity found for query" type="org.springframework.dao.EmptyResultDataAccessException">org.springframework.dao.EmptyResultDataAccessException: No entity found for query; nested exception is javax.persistence.NoResultException: No entity found for query
	at org.springframework.orm.jpa.EntityManagerFactoryUtils.convertJpaAccessExceptionIfPossible(EntityManagerFactoryUtils.java:392)
	at org.springframework.orm.jpa.AbstractEntityManagerFactoryBean.translateExceptionIfPossible(AbstractEntityManagerFactoryBean.java:418)
	at org.springframework.dao.support.ChainedPersistenceExceptionTranslator.translateExceptionIfPossible(ChainedPersistenceExceptionTranslator.java:59)
	at org.springframework.dao.support.DataAccessUtils.translateIfNecessary(DataAccessUtils.java:213)
	at org.springframework.dao.support.PersistenceExceptionTranslationInterceptor.invoke(PersistenceExceptionTranslationInterceptor.java:147)
	at org.springframework.aop.framework.ReflectiveMethodInvocation.proceed(ReflectiveMethodInvocation.java:179)
	at org.springframework.aop.framework.JdkDynamicAopProxy.invoke(JdkDynamicAopProxy.java:207)
	at com.sun.proxy.$Proxy36.getDept(Unknown Source)
	at gapp.model.dao.ApplicationDaoTest.getApplications(ApplicationDaoTest.java:19)
Caused by: javax.persistence.NoResultException: No entity found for query
	at org.hibernate.ejb.QueryImpl.getSingleResult(QueryImpl.java:290)
	at gapp.model.dao.jpa.ApplicationDaoImpl.getDept(ApplicationDaoImpl.java:22)
	at sun.reflect.NativeMethodAccessorImpl.invoke0(Native Method)
	at sun.reflect.NativeMethodAccessorImpl.invoke(NativeMethodAccessorImpl.java:57)
	at sun.reflect.DelegatingMethodAccessorImpl.invoke(DelegatingMethodAccessorImpl.java:43)
	at java.lang.reflect.Method.invoke(Method.java:606)
	at org.springframework.aop.support.AopUtils.invokeJoinpointUsingReflection(AopUtils.java:302)
	at org.springframework.aop.framework.ReflectiveMethodInvocation.invokeJoinpoint(ReflectiveMethodInvocation.java:190)
	at org.springframework.aop.framework.ReflectiveMethodInvocation.proceed(ReflectiveMethodInvocation.java:157)
	at org.springframework.dao.support.PersistenceExceptionTranslationInterceptor.invoke(PersistenceExceptionTranslationInterceptor.java:136)
	... 41 more
</failure>
    <system-out>Configuring TestNG with: org.apache.maven.surefire.testng.conf.TestNG652Configurator@6be3f34c
</system-out>
    <system-err>Feb 19, 2016 11:45:58 PM org.springframework.test.context.support.DefaultTestContextBootstrapper getTestExecutionListeners
INFO: Using TestExecutionListeners: [org.springframework.test.context.web.ServletTestExecutionListener@3bf4bcdb, org.springframework.test.context.support.DirtiesContextBeforeModesTestExecutionListener@409aec9d, org.springframework.test.context.support.DependencyInjectionTestExecutionListener@7b24588d, org.springframework.test.context.support.DirtiesContextTestExecutionListener@f31d024, org.springframework.test.context.transaction.TransactionalTestExecutionListener@f57f347, org.springframework.test.context.jdbc.SqlScriptsTestExecutionListener@5724c22f]
Feb 19, 2016 11:45:58 PM org.springframework.test.context.support.DefaultTestContextBootstrapper getTestExecutionListeners
INFO: Using TestExecutionListeners: [org.springframework.test.context.web.ServletTestExecutionListener@92260b5, org.springframework.test.context.support.DirtiesContextBeforeModesTestExecutionListener@2ffb0fc2, org.springframework.test.context.support.DependencyInjectionTestExecutionListener@bc7a22a, org.springframework.test.context.support.DirtiesContextTestExecutionListener@5f677970, org.springframework.test.context.transaction.TransactionalTestExecutionListener@255d8ff, org.springframework.test.context.jdbc.SqlScriptsTestExecutionListener@52194e8b]
Feb 19, 2016 11:45:58 PM org.springframework.test.context.support.DefaultTestContextBootstrapper getTestExecutionListeners
INFO: Using TestExecutionListeners: [org.springframework.test.context.web.ServletTestExecutionListener@689d00c9, org.springframework.test.context.support.DirtiesContextBeforeModesTestExecutionListener@1b9ec1c7, org.springframework.test.context.support.DependencyInjectionTestExecutionListener@53c3fdfb, org.springframework.test.context.support.DirtiesContextTestExecutionListener@685794b3, org.springframework.test.context.transaction.TransactionalTestExecutionListener@4de3a949, org.springframework.test.context.jdbc.SqlScriptsTestExecutionListener@1d7f1f92]
Feb 19, 2016 11:45:59 PM org.springframework.beans.factory.xml.XmlBeanDefinitionReader loadBeanDefinitions
INFO: Loading XML bean definitions from class path resource [applicationContext.xml]
Feb 19, 2016 11:45:59 PM org.springframework.context.support.GenericApplicationContext prepareRefresh
INFO: Refreshing org.springframework.context.support.GenericApplicationContext@5eebbe: startup date [Fri Feb 19 23:45:59 PST 2016]; root of context hierarchy
Feb 19, 2016 11:46:00 PM org.springframework.orm.jpa.LocalContainerEntityManagerFactoryBean createNativeEntityManagerFactory
INFO: Building JPA container EntityManagerFactory for persistence unit &apos;gapp&apos;
Feb 19, 2016 11:46:00 PM org.hibernate.annotations.common.Version &lt;clinit&gt;
INFO: HCANN000001: Hibernate Commons Annotations {4.0.2.Final}
Feb 19, 2016 11:46:00 PM org.hibernate.Version logVersion
INFO: HHH000412: Hibernate Core {4.2.21.Final}
Feb 19, 2016 11:46:00 PM org.hibernate.cfg.Environment &lt;clinit&gt;
INFO: HHH000206: hibernate.properties not found
Feb 19, 2016 11:46:00 PM org.hibernate.cfg.Environment buildBytecodeProvider
INFO: HHH000021: Bytecode provider name : javassist
Feb 19, 2016 11:46:00 PM org.hibernate.ejb.Ejb3Configuration configure
INFO: HHH000204: Processing PersistenceUnitInfo [
	name: gapp
	...]
Feb 19, 2016 11:46:01 PM org.hibernate.service.jdbc.connections.internal.ConnectionProviderInitiator instantiateExplicitConnectionProvider
INFO: HHH000130: Instantiating explicit connection provider: org.hibernate.ejb.connection.InjectedDataSourceConnectionProvider
Feb 19, 2016 11:46:02 PM org.hibernate.dialect.Dialect &lt;init&gt;
INFO: HHH000400: Using dialect: org.hibernate.dialect.PostgreSQLDialect
Feb 19, 2016 11:46:02 PM org.hibernate.engine.jdbc.internal.LobCreatorBuilder useContextualLobCreation
INFO: HHH000424: Disabling contextual LOB creation as createClob() method threw error : java.lang.reflect.InvocationTargetException
Feb 19, 2016 11:46:02 PM org.hibernate.engine.transaction.internal.TransactionFactoryInitiator initiateService
INFO: HHH000268: Transaction strategy: org.hibernate.engine.transaction.internal.jdbc.JdbcTransactionFactory
Feb 19, 2016 11:46:02 PM org.hibernate.hql.internal.ast.ASTQueryTranslatorFactory &lt;init&gt;
INFO: HHH000397: Using ASTQueryTranslatorFactory
Feb 19, 2016 11:46:03 PM org.springframework.test.context.transaction.TransactionContext startTransaction
INFO: Began transaction (1) for test context [DefaultTestContext@3add3a28 testClass = ApplicationDaoTest, testInstance = gapp.model.dao.ApplicationDaoTest@6ab191cd, testMethod = getApplications@ApplicationDaoTest, testException = [null], mergedContextConfiguration = [MergedContextConfiguration@3970604f testClass = ApplicationDaoTest, locations = &apos;{classpath:applicationContext.xml}&apos;, classes = &apos;{}&apos;, contextInitializerClasses = &apos;[]&apos;, activeProfiles = &apos;{}&apos;, propertySourceLocations = &apos;{}&apos;, propertySourceProperties = &apos;{}&apos;, contextLoader = &apos;org.springframework.test.context.support.DelegatingSmartContextLoader&apos;, parent = [null]]]; transaction manager [org.springframework.orm.jpa.JpaTransactionManager@12153649]; rollback [true]
</system-err>
  </testcase>
  <testcase time="0.045" classname="gapp.model.dao.DepartmentDaoTest" name="(gapp.model.dao.DepartmentDaoTest)">
    <failure type="java.lang.AssertionError">java.lang.AssertionError
	at gapp.model.dao.DepartmentDaoTest.getDepartments(DepartmentDaoTest.java:19)
</failure>
    <system-err>Feb 19, 2016 11:46:04 PM org.springframework.test.context.transaction.TransactionContext endTransaction
INFO: Rolled back transaction for test context [DefaultTestContext@3add3a28 testClass = ApplicationDaoTest, testInstance = gapp.model.dao.ApplicationDaoTest@6ab191cd, testMethod = getApplications@ApplicationDaoTest, testException = org.springframework.dao.EmptyResultDataAccessException: No entity found for query; nested exception is javax.persistence.NoResultException: No entity found for query, mergedContextConfiguration = [MergedContextConfiguration@3970604f testClass = ApplicationDaoTest, locations = &apos;{classpath:applicationContext.xml}&apos;, classes = &apos;{}&apos;, contextInitializerClasses = &apos;[]&apos;, activeProfiles = &apos;{}&apos;, propertySourceLocations = &apos;{}&apos;, propertySourceProperties = &apos;{}&apos;, contextLoader = &apos;org.springframework.test.context.support.DelegatingSmartContextLoader&apos;, parent = [null]]].
Feb 19, 2016 11:46:04 PM org.springframework.test.context.transaction.TransactionContext startTransaction
INFO: Began transaction (1) for test context [DefaultTestContext@1b85bc73 testClass = DepartmentDaoTest, testInstance = gapp.model.dao.DepartmentDaoTest@2fdb6074, testMethod = getDepartments@DepartmentDaoTest, testException = [null], mergedContextConfiguration = [MergedContextConfiguration@3da66cdb testClass = DepartmentDaoTest, locations = &apos;{classpath:applicationContext.xml}&apos;, classes = &apos;{}&apos;, contextInitializerClasses = &apos;[]&apos;, activeProfiles = &apos;{}&apos;, propertySourceLocations = &apos;{}&apos;, propertySourceProperties = &apos;{}&apos;, contextLoader = &apos;org.springframework.test.context.support.DelegatingSmartContextLoader&apos;, parent = [null]]]; transaction manager [org.springframework.orm.jpa.JpaTransactionManager@12153649]; rollback [true]
</system-err>
  </testcase>
  <testcase time="0.061" classname="gapp.model.dao.UserDaoTest" name="(gapp.model.dao.UserDaoTest)"/>
</testsuite>